Gramática

    0 $accept: desc_algoritmo $end

    1 desc_algoritmo: bis_algoritmo bis_id bis_puntoComa cabecera_alg bloque_alg bis_falgoritmo bis_puntoComa

    2 cabecera_alg: decl_globales decl_a_f decl_ent_sal bis_comentario

    3 bloque_alg: bloque bis_comentario
    4           | bloque

    5 decl_globales: declaracion_tipo decl_globales
    6              | declaracion_const decl_globales
    7              | %empty

    8 decl_a_f: accion_d decl_a_f
    9         | funcion_d decl_a_f
   10         | %empty

   11 bloque: declaraciones instrucciones

   12 declaraciones: declaracion_tipo declaraciones
   13              | declaracion_const declaraciones
   14              | declaracion_var declaraciones
   15              | %empty

   16 declaracion_tipo: bis_tipo lista_d_tipo bis_ftipo bis_puntoComa

   17 declaracion_const: bis_const lista_d_cte bis_fconst bis_puntoComa

   18 declaracion_var: bis_var lista_d_var bis_fvar bis_puntoComa

   19 lista_d_tipo: bis_id bis_igual d_tipo bis_puntoComa
   20             | %empty

   21 d_tipo: bis_tupla lista_campos bis_ftupla
   22       | bis_tabla bis_corcheteAbrir expresion_t bis_subrango expresion_t bis_corcheteCerrar bis_de d_tipo
   23       | bis_id
   24       | expresion_t bis_subrango expresion_t
   25       | bis_ref d_tipo
   26       | bis_tipo_base

   27 expresion_t: expresion
   28            | bis_literal_caracter

   29 lista_campos: bis_id bis_dosPuntos d_tipo bis_puntoComa lista_campos
   30             | %empty

   31 lista_d_cte: bis_id bis_igual bis_literal bis_puntoComa lista_d_cte
   32            | %empty

   33 lista_id: bis_id bis_coma lista_id
   34         | bis_id bis_dosPuntos bis_tipo_base

   35 lista_d_var: lista_id bis_puntoComa lista_d_var
   36            | lista_id bis_puntoComa d_tipo bis_puntoComa lista_d_var
   37            | %empty

   38 decl_ent_sal: decl_ent
   39             | decl_ent decl_sal
   40             | decl_sal

   41 decl_ent: bis_ent lista_d_var

   42 decl_sal: bis_sal lista_d_var

   43 expresion: expresion bis_suma expresion
   44          | expresion bis_resta expresion
   45          | expresion bis_multiplicacion expresion
   46          | expresion bis_div_real expresion
   47          | expresion bis_mod expresion
   48          | expresion bis_div expresion
   49          | bis_parentesisAbrir expresion bis_parentesisCerrar
   50          | operando
   51          | bis_literal_real
   52          | bis_literal_entero
   53          | bis_resta expresion
   54          | bis_suma expresion
   55          | expresion bis_y expresion
   56          | expresion bis_o expresion
   57          | bis_no expresion
   58          | bis_verdadero
   59          | bis_falso
   60          | expresion bis_oprel expresion

   61 operando: bis_id
   62         | operando bis_punto operando
   63         | operando bis_corcheteAbrir expresion bis_corcheteCerrar
   64         | operando bis_ref

   65 instrucciones: instruccion bis_puntoComa instrucciones
   66              | instruccion

   67 instruccion: bis_continuar
   68            | asignacion
   69            | alternativa
   70            | iteracion

   71 asignacion: operando bis_asignacion expresion

   72 alternativa: bis_si expresion bis_alternativa instrucciones lista_opciones bis_fsi

   73 lista_opciones: bis_sino expresion bis_alternativa instrucciones lista_opciones
   74               | %empty

   75 it_cota_fija: bis_para bis_id bis_asignacion expresion bis_hasta expresion bis_hacer instrucciones bis_fpara

   76 it_cota_exp: bis_mientras expresion bis_hacer instrucciones bis_fmientras

   77 iteracion: it_cota_fija
   78          | it_cota_exp

   79 accion_d: bis_accion a_cabecera bloque bis_faccion

   80 funcion_d: bis_funcion f_cabecera bloque bis_dev expresion bis_ffuncion

   81 a_cabecera: bis_id bis_parentesisAbrir d_par_form bis_parentesisCerrar bis_puntoComa

   82 f_cabecera: bis_id bis_parentesisAbrir lista_d_var bis_parentesisCerrar bis_dev d_tipo bis_puntoComa

   83 d_par_form: d_p_form bis_puntoComa d_par_form
   84           | %empty

   85 d_p_form: bis_ent lista_id bis_dosPuntos d_tipo
   86         | bis_sal lista_id bis_dosPuntos d_tipo
   87         | bis_entradaSalida lista_id bis_dosPuntos d_tipo


Terminales con las reglas donde aparecen

    $end (0) 0
    error (256)
    bis_coma (258) 33
    bis_puntoComa (259) 1 16 17 18 19 29 31 35 36 65 81 82 83
    bis_dosPuntos (260) 29 34 85 86 87
    bis_alternativa (261) 72 73
    bis_asignacion (262) 71 75
    bis_subrango (263) 22 24
    bis_literal (264) 31
    bis_tipo_base <entradaEntero> (265) 26 34
    bis_dev (266) 80 82
    bis_verdadero (267) 58
    bis_falso (268) 59
    bis_suma (269) 43 54
    bis_resta (270) 44 53
    bis_multiplicacion (271) 45
    bis_div (272) 48
    bis_mod (273) 47
    bis_div_real (274) 46
    bis_o (275) 56
    bis_y (276) 55
    bis_oprel <entradaEntero> (277) 60
    bis_igual (278) 19 31
    bis_no (279) 57
    bis_id <entradaChar> (280) 1 19 23 29 31 33 34 61 75 81 82
    bis_literal_entero (281) 52
    bis_literal_real (282) 51
    bis_literal_caracter (283) 28
    bis_comentario (284) 2 3
    bis_algoritmo (285) 1
    bis_falgoritmo (286) 1
    bis_funcion (287) 80
    bis_ffuncion (288) 80
    bis_accion (289) 79
    bis_faccion (290) 79
    bis_tipo (291) 16
    bis_ftipo (292) 16
    bis_const (293) 17
    bis_fconst (294) 17
    bis_var (295) 18
    bis_fvar (296) 18
    bis_tupla (297) 21
    bis_ftupla (298) 21
    bis_si (299) 72
    bis_fsi (300) 72
    bis_para (301) 75
    bis_fpara (302) 75
    bis_mientras (303) 76
    bis_fmientras (304) 76
    bis_hasta (305) 75
    bis_hacer (306) 75 76
    bis_ent (307) 41 85
    bis_sal (308) 42 86
    bis_sino (309) 73
    bis_entradaSalida (310) 87
    bis_continuar (311) 67
    bis_de (312) 22
    bis_tabla (313) 22
    bis_parentesisAbrir (314) 49 81 82
    bis_parentesisCerrar (315) 49 81 82
    bis_corcheteAbrir (316) 22 63
    bis_corcheteCerrar (317) 22 63
    bis_punto (318) 62
    bis_ref (319) 25 64


No terminales con las reglas donde aparecen

    $accept (65)
        on left: 0
    desc_algoritmo (66)
        on left: 1
        on right: 0
    cabecera_alg (67)
        on left: 2
        on right: 1
    bloque_alg (68)
        on left: 3 4
        on right: 1
    decl_globales (69)
        on left: 5 6 7
        on right: 2 5 6
    decl_a_f (70)
        on left: 8 9 10
        on right: 2 8 9
    bloque (71)
        on left: 11
        on right: 3 4 79 80
    declaraciones (72)
        on left: 12 13 14 15
        on right: 11 12 13 14
    declaracion_tipo (73)
        on left: 16
        on right: 5 12
    declaracion_const (74)
        on left: 17
        on right: 6 13
    declaracion_var (75)
        on left: 18
        on right: 14
    lista_d_tipo (76)
        on left: 19 20
        on right: 16
    d_tipo <entradaEntero> (77)
        on left: 21 22 23 24 25 26
        on right: 19 22 25 29 36 82 85 86 87
    expresion_t (78)
        on left: 27 28
        on right: 22 24
    lista_campos (79)
        on left: 29 30
        on right: 21 29
    lista_d_cte (80)
        on left: 31 32
        on right: 17 31
    lista_id <entradaEntero> (81)
        on left: 33 34
        on right: 33 35 36 85 86 87
    lista_d_var (82)
        on left: 35 36 37
        on right: 18 35 36 41 42 82
    decl_ent_sal (83)
        on left: 38 39 40
        on right: 2
    decl_ent (84)
        on left: 41
        on right: 38 39
    decl_sal (85)
        on left: 42
        on right: 39 40
    expresion <expresionAritmetica> (86)
        on left: 43 44 45 46 47 48 49 50 51 52 53 54 55 56 57 58 59 60
        on right: 27 43 44 45 46 47 48 49 53 54 55 56 57 60 63 71 72 73 75 76 80
    operando <expresionAritmetica> (87)
        on left: 61 62 63 64
        on right: 50 62 63 64 71
    instrucciones (88)
        on left: 65 66
        on right: 11 65 72 73 75 76
    instruccion (89)
        on left: 67 68 69 70
        on right: 65 66
    asignacion <expresionAritmetica> (90)
        on left: 71
        on right: 68
    alternativa (91)
        on left: 72
        on right: 69
    lista_opciones (92)
        on left: 73 74
        on right: 72 73
    it_cota_fija (93)
        on left: 75
        on right: 77
    it_cota_exp (94)
        on left: 76
        on right: 78
    iteracion (95)
        on left: 77 78
        on right: 70
    accion_d (96)
        on left: 79
        on right: 8
    funcion_d (97)
        on left: 80
        on right: 9
    a_cabecera (98)
        on left: 81
        on right: 79
    f_cabecera (99)
        on left: 82
        on right: 80
    d_par_form (100)
        on left: 83 84
        on right: 81 83
    d_p_form (101)
        on left: 85 86 87
        on right: 83


Estado 0

    0 $accept: . desc_algoritmo $end

    bis_algoritmo  desplazar e ir al estado 1

    desc_algoritmo  ir al estado 2


Estado 1

    1 desc_algoritmo: bis_algoritmo . bis_id bis_puntoComa cabecera_alg bloque_alg bis_falgoritmo bis_puntoComa

    bis_id  desplazar e ir al estado 3


Estado 2

    0 $accept: desc_algoritmo . $end

    $end  desplazar e ir al estado 4


Estado 3

    1 desc_algoritmo: bis_algoritmo bis_id . bis_puntoComa cabecera_alg bloque_alg bis_falgoritmo bis_puntoComa

    bis_puntoComa  desplazar e ir al estado 5


Estado 4

    0 $accept: desc_algoritmo $end .

    $default  aceptar


Estado 5

    1 desc_algoritmo: bis_algoritmo bis_id bis_puntoComa . cabecera_alg bloque_alg bis_falgoritmo bis_puntoComa

    bis_tipo   desplazar e ir al estado 6
    bis_const  desplazar e ir al estado 7

    $default  reduce usando la regla 7 (decl_globales)

    cabecera_alg       ir al estado 8
    decl_globales      ir al estado 9
    declaracion_tipo   ir al estado 10
    declaracion_const  ir al estado 11


Estado 6

   16 declaracion_tipo: bis_tipo . lista_d_tipo bis_ftipo bis_puntoComa

    bis_id  desplazar e ir al estado 12

    $default  reduce usando la regla 20 (lista_d_tipo)

    lista_d_tipo  ir al estado 13


Estado 7

   17 declaracion_const: bis_const . lista_d_cte bis_fconst bis_puntoComa

    bis_id  desplazar e ir al estado 14

    $default  reduce usando la regla 32 (lista_d_cte)

    lista_d_cte  ir al estado 15


Estado 8

    1 desc_algoritmo: bis_algoritmo bis_id bis_puntoComa cabecera_alg . bloque_alg bis_falgoritmo bis_puntoComa

    bis_tipo   desplazar e ir al estado 6
    bis_const  desplazar e ir al estado 7
    bis_var    desplazar e ir al estado 16

    $default  reduce usando la regla 15 (declaraciones)

    bloque_alg         ir al estado 17
    bloque             ir al estado 18
    declaraciones      ir al estado 19
    declaracion_tipo   ir al estado 20
    declaracion_const  ir al estado 21
    declaracion_var    ir al estado 22


Estado 9

    2 cabecera_alg: decl_globales . decl_a_f decl_ent_sal bis_comentario

    bis_funcion  desplazar e ir al estado 23
    bis_accion   desplazar e ir al estado 24

    $default  reduce usando la regla 10 (decl_a_f)

    decl_a_f   ir al estado 25
    accion_d   ir al estado 26
    funcion_d  ir al estado 27


Estado 10

    5 decl_globales: declaracion_tipo . decl_globales

    bis_tipo   desplazar e ir al estado 6
    bis_const  desplazar e ir al estado 7

    $default  reduce usando la regla 7 (decl_globales)

    decl_globales      ir al estado 28
    declaracion_tipo   ir al estado 10
    declaracion_const  ir al estado 11


Estado 11

    6 decl_globales: declaracion_const . decl_globales

    bis_tipo   desplazar e ir al estado 6
    bis_const  desplazar e ir al estado 7

    $default  reduce usando la regla 7 (decl_globales)

    decl_globales      ir al estado 29
    declaracion_tipo   ir al estado 10
    declaracion_const  ir al estado 11


Estado 12

   19 lista_d_tipo: bis_id . bis_igual d_tipo bis_puntoComa

    bis_igual  desplazar e ir al estado 30


Estado 13

   16 declaracion_tipo: bis_tipo lista_d_tipo . bis_ftipo bis_puntoComa

    bis_ftipo  desplazar e ir al estado 31


Estado 14

   31 lista_d_cte: bis_id . bis_igual bis_literal bis_puntoComa lista_d_cte

    bis_igual  desplazar e ir al estado 32


Estado 15

   17 declaracion_const: bis_const lista_d_cte . bis_fconst bis_puntoComa

    bis_fconst  desplazar e ir al estado 33


Estado 16

   18 declaracion_var: bis_var . lista_d_var bis_fvar bis_puntoComa

    bis_id  desplazar e ir al estado 34

    $default  reduce usando la regla 37 (lista_d_var)

    lista_id     ir al estado 35
    lista_d_var  ir al estado 36


Estado 17

    1 desc_algoritmo: bis_algoritmo bis_id bis_puntoComa cabecera_alg bloque_alg . bis_falgoritmo bis_puntoComa

    bis_falgoritmo  desplazar e ir al estado 37


Estado 18

    3 bloque_alg: bloque . bis_comentario
    4           | bloque .

    bis_comentario  desplazar e ir al estado 38

    $default  reduce usando la regla 4 (bloque_alg)


Estado 19

   11 bloque: declaraciones . instrucciones

    bis_id         desplazar e ir al estado 39
    bis_si         desplazar e ir al estado 40
    bis_para       desplazar e ir al estado 41
    bis_mientras   desplazar e ir al estado 42
    bis_continuar  desplazar e ir al estado 43

    operando       ir al estado 44
    instrucciones  ir al estado 45
    instruccion    ir al estado 46
    asignacion     ir al estado 47
    alternativa    ir al estado 48
    it_cota_fija   ir al estado 49
    it_cota_exp    ir al estado 50
    iteracion      ir al estado 51


Estado 20

   12 declaraciones: declaracion_tipo . declaraciones

    bis_tipo   desplazar e ir al estado 6
    bis_const  desplazar e ir al estado 7
    bis_var    desplazar e ir al estado 16

    $default  reduce usando la regla 15 (declaraciones)

    declaraciones      ir al estado 52
    declaracion_tipo   ir al estado 20
    declaracion_const  ir al estado 21
    declaracion_var    ir al estado 22


Estado 21

   13 declaraciones: declaracion_const . declaraciones

    bis_tipo   desplazar e ir al estado 6
    bis_const  desplazar e ir al estado 7
    bis_var    desplazar e ir al estado 16

    $default  reduce usando la regla 15 (declaraciones)

    declaraciones      ir al estado 53
    declaracion_tipo   ir al estado 20
    declaracion_const  ir al estado 21
    declaracion_var    ir al estado 22


Estado 22

   14 declaraciones: declaracion_var . declaraciones

    bis_tipo   desplazar e ir al estado 6
    bis_const  desplazar e ir al estado 7
    bis_var    desplazar e ir al estado 16

    $default  reduce usando la regla 15 (declaraciones)

    declaraciones      ir al estado 54
    declaracion_tipo   ir al estado 20
    declaracion_const  ir al estado 21
    declaracion_var    ir al estado 22


Estado 23

   80 funcion_d: bis_funcion . f_cabecera bloque bis_dev expresion bis_ffuncion

    bis_id  desplazar e ir al estado 55

    f_cabecera  ir al estado 56


Estado 24

   79 accion_d: bis_accion . a_cabecera bloque bis_faccion

    bis_id  desplazar e ir al estado 57

    a_cabecera  ir al estado 58


Estado 25

    2 cabecera_alg: decl_globales decl_a_f . decl_ent_sal bis_comentario

    bis_ent  desplazar e ir al estado 59
    bis_sal  desplazar e ir al estado 60

    decl_ent_sal  ir al estado 61
    decl_ent      ir al estado 62
    decl_sal      ir al estado 63


Estado 26

    8 decl_a_f: accion_d . decl_a_f

    bis_funcion  desplazar e ir al estado 23
    bis_accion   desplazar e ir al estado 24

    $default  reduce usando la regla 10 (decl_a_f)

    decl_a_f   ir al estado 64
    accion_d   ir al estado 26
    funcion_d  ir al estado 27


Estado 27

    9 decl_a_f: funcion_d . decl_a_f

    bis_funcion  desplazar e ir al estado 23
    bis_accion   desplazar e ir al estado 24

    $default  reduce usando la regla 10 (decl_a_f)

    decl_a_f   ir al estado 65
    accion_d   ir al estado 26
    funcion_d  ir al estado 27


Estado 28

    5 decl_globales: declaracion_tipo decl_globales .

    $default  reduce usando la regla 5 (decl_globales)


Estado 29

    6 decl_globales: declaracion_const decl_globales .

    $default  reduce usando la regla 6 (decl_globales)


Estado 30

   19 lista_d_tipo: bis_id bis_igual . d_tipo bis_puntoComa

    bis_tipo_base         desplazar e ir al estado 66
    bis_verdadero         desplazar e ir al estado 67
    bis_falso             desplazar e ir al estado 68
    bis_suma              desplazar e ir al estado 69
    bis_resta             desplazar e ir al estado 70
    bis_no                desplazar e ir al estado 71
    bis_id                desplazar e ir al estado 72
    bis_literal_entero    desplazar e ir al estado 73
    bis_literal_real      desplazar e ir al estado 74
    bis_literal_caracter  desplazar e ir al estado 75
    bis_tupla             desplazar e ir al estado 76
    bis_tabla             desplazar e ir al estado 77
    bis_parentesisAbrir   desplazar e ir al estado 78
    bis_ref               desplazar e ir al estado 79

    d_tipo       ir al estado 80
    expresion_t  ir al estado 81
    expresion    ir al estado 82
    operando     ir al estado 83


Estado 31

   16 declaracion_tipo: bis_tipo lista_d_tipo bis_ftipo . bis_puntoComa

    bis_puntoComa  desplazar e ir al estado 84


Estado 32

   31 lista_d_cte: bis_id bis_igual . bis_literal bis_puntoComa lista_d_cte

    bis_literal  desplazar e ir al estado 85


Estado 33

   17 declaracion_const: bis_const lista_d_cte bis_fconst . bis_puntoComa

    bis_puntoComa  desplazar e ir al estado 86


Estado 34

   33 lista_id: bis_id . bis_coma lista_id
   34         | bis_id . bis_dosPuntos bis_tipo_base

    bis_coma       desplazar e ir al estado 87
    bis_dosPuntos  desplazar e ir al estado 88


Estado 35

   35 lista_d_var: lista_id . bis_puntoComa lista_d_var
   36            | lista_id . bis_puntoComa d_tipo bis_puntoComa lista_d_var

    bis_puntoComa  desplazar e ir al estado 89


Estado 36

   18 declaracion_var: bis_var lista_d_var . bis_fvar bis_puntoComa

    bis_fvar  desplazar e ir al estado 90


Estado 37

    1 desc_algoritmo: bis_algoritmo bis_id bis_puntoComa cabecera_alg bloque_alg bis_falgoritmo . bis_puntoComa

    bis_puntoComa  desplazar e ir al estado 91


Estado 38

    3 bloque_alg: bloque bis_comentario .

    $default  reduce usando la regla 3 (bloque_alg)


Estado 39

   61 operando: bis_id .

    $default  reduce usando la regla 61 (operando)


Estado 40

   72 alternativa: bis_si . expresion bis_alternativa instrucciones lista_opciones bis_fsi

    bis_verdadero        desplazar e ir al estado 67
    bis_falso            desplazar e ir al estado 68
    bis_suma             desplazar e ir al estado 69
    bis_resta            desplazar e ir al estado 70
    bis_no               desplazar e ir al estado 71
    bis_id               desplazar e ir al estado 39
    bis_literal_entero   desplazar e ir al estado 73
    bis_literal_real     desplazar e ir al estado 74
    bis_parentesisAbrir  desplazar e ir al estado 78

    expresion  ir al estado 92
    operando   ir al estado 83


Estado 41

   75 it_cota_fija: bis_para . bis_id bis_asignacion expresion bis_hasta expresion bis_hacer instrucciones bis_fpara

    bis_id  desplazar e ir al estado 93


Estado 42

   76 it_cota_exp: bis_mientras . expresion bis_hacer instrucciones bis_fmientras

    bis_verdadero        desplazar e ir al estado 67
    bis_falso            desplazar e ir al estado 68
    bis_suma             desplazar e ir al estado 69
    bis_resta            desplazar e ir al estado 70
    bis_no               desplazar e ir al estado 71
    bis_id               desplazar e ir al estado 39
    bis_literal_entero   desplazar e ir al estado 73
    bis_literal_real     desplazar e ir al estado 74
    bis_parentesisAbrir  desplazar e ir al estado 78

    expresion  ir al estado 94
    operando   ir al estado 83


Estado 43

   67 instruccion: bis_continuar .

    $default  reduce usando la regla 67 (instruccion)


Estado 44

   62 operando: operando . bis_punto operando
   63         | operando . bis_corcheteAbrir expresion bis_corcheteCerrar
   64         | operando . bis_ref
   71 asignacion: operando . bis_asignacion expresion

    bis_asignacion     desplazar e ir al estado 95
    bis_corcheteAbrir  desplazar e ir al estado 96
    bis_punto          desplazar e ir al estado 97
    bis_ref            desplazar e ir al estado 98


Estado 45

   11 bloque: declaraciones instrucciones .

    $default  reduce usando la regla 11 (bloque)


Estado 46

   65 instrucciones: instruccion . bis_puntoComa instrucciones
   66              | instruccion .

    bis_puntoComa  desplazar e ir al estado 99

    $default  reduce usando la regla 66 (instrucciones)


Estado 47

   68 instruccion: asignacion .

    $default  reduce usando la regla 68 (instruccion)


Estado 48

   69 instruccion: alternativa .

    $default  reduce usando la regla 69 (instruccion)


Estado 49

   77 iteracion: it_cota_fija .

    $default  reduce usando la regla 77 (iteracion)


Estado 50

   78 iteracion: it_cota_exp .

    $default  reduce usando la regla 78 (iteracion)


Estado 51

   70 instruccion: iteracion .

    $default  reduce usando la regla 70 (instruccion)


Estado 52

   12 declaraciones: declaracion_tipo declaraciones .

    $default  reduce usando la regla 12 (declaraciones)


Estado 53

   13 declaraciones: declaracion_const declaraciones .

    $default  reduce usando la regla 13 (declaraciones)


Estado 54

   14 declaraciones: declaracion_var declaraciones .

    $default  reduce usando la regla 14 (declaraciones)


Estado 55

   82 f_cabecera: bis_id . bis_parentesisAbrir lista_d_var bis_parentesisCerrar bis_dev d_tipo bis_puntoComa

    bis_parentesisAbrir  desplazar e ir al estado 100


Estado 56

   80 funcion_d: bis_funcion f_cabecera . bloque bis_dev expresion bis_ffuncion

    bis_tipo   desplazar e ir al estado 6
    bis_const  desplazar e ir al estado 7
    bis_var    desplazar e ir al estado 16

    $default  reduce usando la regla 15 (declaraciones)

    bloque             ir al estado 101
    declaraciones      ir al estado 19
    declaracion_tipo   ir al estado 20
    declaracion_const  ir al estado 21
    declaracion_var    ir al estado 22


Estado 57

   81 a_cabecera: bis_id . bis_parentesisAbrir d_par_form bis_parentesisCerrar bis_puntoComa

    bis_parentesisAbrir  desplazar e ir al estado 102


Estado 58

   79 accion_d: bis_accion a_cabecera . bloque bis_faccion

    bis_tipo   desplazar e ir al estado 6
    bis_const  desplazar e ir al estado 7
    bis_var    desplazar e ir al estado 16

    $default  reduce usando la regla 15 (declaraciones)

    bloque             ir al estado 103
    declaraciones      ir al estado 19
    declaracion_tipo   ir al estado 20
    declaracion_const  ir al estado 21
    declaracion_var    ir al estado 22


Estado 59

   41 decl_ent: bis_ent . lista_d_var

    bis_id  desplazar e ir al estado 34

    $default  reduce usando la regla 37 (lista_d_var)

    lista_id     ir al estado 35
    lista_d_var  ir al estado 104


Estado 60

   42 decl_sal: bis_sal . lista_d_var

    bis_id  desplazar e ir al estado 34

    $default  reduce usando la regla 37 (lista_d_var)

    lista_id     ir al estado 35
    lista_d_var  ir al estado 105


Estado 61

    2 cabecera_alg: decl_globales decl_a_f decl_ent_sal . bis_comentario

    bis_comentario  desplazar e ir al estado 106


Estado 62

   38 decl_ent_sal: decl_ent .
   39             | decl_ent . decl_sal

    bis_sal  desplazar e ir al estado 60

    $default  reduce usando la regla 38 (decl_ent_sal)

    decl_sal  ir al estado 107


Estado 63

   40 decl_ent_sal: decl_sal .

    $default  reduce usando la regla 40 (decl_ent_sal)


Estado 64

    8 decl_a_f: accion_d decl_a_f .

    $default  reduce usando la regla 8 (decl_a_f)


Estado 65

    9 decl_a_f: funcion_d decl_a_f .

    $default  reduce usando la regla 9 (decl_a_f)


Estado 66

   26 d_tipo: bis_tipo_base .

    $default  reduce usando la regla 26 (d_tipo)


Estado 67

   58 expresion: bis_verdadero .

    $default  reduce usando la regla 58 (expresion)


Estado 68

   59 expresion: bis_falso .

    $default  reduce usando la regla 59 (expresion)


Estado 69

   54 expresion: bis_suma . expresion

    bis_verdadero        desplazar e ir al estado 67
    bis_falso            desplazar e ir al estado 68
    bis_suma             desplazar e ir al estado 69
    bis_resta            desplazar e ir al estado 70
    bis_no               desplazar e ir al estado 71
    bis_id               desplazar e ir al estado 39
    bis_literal_entero   desplazar e ir al estado 73
    bis_literal_real     desplazar e ir al estado 74
    bis_parentesisAbrir  desplazar e ir al estado 78

    expresion  ir al estado 108
    operando   ir al estado 83


Estado 70

   53 expresion: bis_resta . expresion

    bis_verdadero        desplazar e ir al estado 67
    bis_falso            desplazar e ir al estado 68
    bis_suma             desplazar e ir al estado 69
    bis_resta            desplazar e ir al estado 70
    bis_no               desplazar e ir al estado 71
    bis_id               desplazar e ir al estado 39
    bis_literal_entero   desplazar e ir al estado 73
    bis_literal_real     desplazar e ir al estado 74
    bis_parentesisAbrir  desplazar e ir al estado 78

    expresion  ir al estado 109
    operando   ir al estado 83


Estado 71

   57 expresion: bis_no . expresion

    bis_verdadero        desplazar e ir al estado 67
    bis_falso            desplazar e ir al estado 68
    bis_suma             desplazar e ir al estado 69
    bis_resta            desplazar e ir al estado 70
    bis_no               desplazar e ir al estado 71
    bis_id               desplazar e ir al estado 39
    bis_literal_entero   desplazar e ir al estado 73
    bis_literal_real     desplazar e ir al estado 74
    bis_parentesisAbrir  desplazar e ir al estado 78

    expresion  ir al estado 110
    operando   ir al estado 83


Estado 72

   23 d_tipo: bis_id .
   61 operando: bis_id .

    bis_puntoComa  reduce usando la regla 23 (d_tipo)
    $default       reduce usando la regla 61 (operando)


Estado 73

   52 expresion: bis_literal_entero .

    $default  reduce usando la regla 52 (expresion)


Estado 74

   51 expresion: bis_literal_real .

    $default  reduce usando la regla 51 (expresion)


Estado 75

   28 expresion_t: bis_literal_caracter .

    $default  reduce usando la regla 28 (expresion_t)


Estado 76

   21 d_tipo: bis_tupla . lista_campos bis_ftupla

    bis_id  desplazar e ir al estado 111

    $default  reduce usando la regla 30 (lista_campos)

    lista_campos  ir al estado 112


Estado 77

   22 d_tipo: bis_tabla . bis_corcheteAbrir expresion_t bis_subrango expresion_t bis_corcheteCerrar bis_de d_tipo

    bis_corcheteAbrir  desplazar e ir al estado 113


Estado 78

   49 expresion: bis_parentesisAbrir . expresion bis_parentesisCerrar

    bis_verdadero        desplazar e ir al estado 67
    bis_falso            desplazar e ir al estado 68
    bis_suma             desplazar e ir al estado 69
    bis_resta            desplazar e ir al estado 70
    bis_no               desplazar e ir al estado 71
    bis_id               desplazar e ir al estado 39
    bis_literal_entero   desplazar e ir al estado 73
    bis_literal_real     desplazar e ir al estado 74
    bis_parentesisAbrir  desplazar e ir al estado 78

    expresion  ir al estado 114
    operando   ir al estado 83


Estado 79

   25 d_tipo: bis_ref . d_tipo

    bis_tipo_base         desplazar e ir al estado 66
    bis_verdadero         desplazar e ir al estado 67
    bis_falso             desplazar e ir al estado 68
    bis_suma              desplazar e ir al estado 69
    bis_resta             desplazar e ir al estado 70
    bis_no                desplazar e ir al estado 71
    bis_id                desplazar e ir al estado 72
    bis_literal_entero    desplazar e ir al estado 73
    bis_literal_real      desplazar e ir al estado 74
    bis_literal_caracter  desplazar e ir al estado 75
    bis_tupla             desplazar e ir al estado 76
    bis_tabla             desplazar e ir al estado 77
    bis_parentesisAbrir   desplazar e ir al estado 78
    bis_ref               desplazar e ir al estado 79

    d_tipo       ir al estado 115
    expresion_t  ir al estado 81
    expresion    ir al estado 82
    operando     ir al estado 83


Estado 80

   19 lista_d_tipo: bis_id bis_igual d_tipo . bis_puntoComa

    bis_puntoComa  desplazar e ir al estado 116


Estado 81

   24 d_tipo: expresion_t . bis_subrango expresion_t

    bis_subrango  desplazar e ir al estado 117


Estado 82

   27 expresion_t: expresion .
   43 expresion: expresion . bis_suma expresion
   44          | expresion . bis_resta expresion
   45          | expresion . bis_multiplicacion expresion
   46          | expresion . bis_div_real expresion
   47          | expresion . bis_mod expresion
   48          | expresion . bis_div expresion
   55          | expresion . bis_y expresion
   56          | expresion . bis_o expresion
   60          | expresion . bis_oprel expresion

    bis_suma            desplazar e ir al estado 118
    bis_resta           desplazar e ir al estado 119
    bis_multiplicacion  desplazar e ir al estado 120
    bis_div             desplazar e ir al estado 121
    bis_mod             desplazar e ir al estado 122
    bis_div_real        desplazar e ir al estado 123
    bis_o               desplazar e ir al estado 124
    bis_y               desplazar e ir al estado 125
    bis_oprel           desplazar e ir al estado 126

    $default  reduce usando la regla 27 (expresion_t)


Estado 83

   50 expresion: operando .
   62 operando: operando . bis_punto operando
   63         | operando . bis_corcheteAbrir expresion bis_corcheteCerrar
   64         | operando . bis_ref

    bis_corcheteAbrir  desplazar e ir al estado 96
    bis_punto          desplazar e ir al estado 97
    bis_ref            desplazar e ir al estado 98

    $default  reduce usando la regla 50 (expresion)


Estado 84

   16 declaracion_tipo: bis_tipo lista_d_tipo bis_ftipo bis_puntoComa .

    $default  reduce usando la regla 16 (declaracion_tipo)


Estado 85

   31 lista_d_cte: bis_id bis_igual bis_literal . bis_puntoComa lista_d_cte

    bis_puntoComa  desplazar e ir al estado 127


Estado 86

   17 declaracion_const: bis_const lista_d_cte bis_fconst bis_puntoComa .

    $default  reduce usando la regla 17 (declaracion_const)


Estado 87

   33 lista_id: bis_id bis_coma . lista_id

    bis_id  desplazar e ir al estado 34

    lista_id  ir al estado 128


Estado 88

   34 lista_id: bis_id bis_dosPuntos . bis_tipo_base

    bis_tipo_base  desplazar e ir al estado 129


Estado 89

   35 lista_d_var: lista_id bis_puntoComa . lista_d_var
   36            | lista_id bis_puntoComa . d_tipo bis_puntoComa lista_d_var

    bis_tipo_base         desplazar e ir al estado 66
    bis_verdadero         desplazar e ir al estado 67
    bis_falso             desplazar e ir al estado 68
    bis_suma              desplazar e ir al estado 69
    bis_resta             desplazar e ir al estado 70
    bis_no                desplazar e ir al estado 71
    bis_id                desplazar e ir al estado 130
    bis_literal_entero    desplazar e ir al estado 73
    bis_literal_real      desplazar e ir al estado 74
    bis_literal_caracter  desplazar e ir al estado 75
    bis_tupla             desplazar e ir al estado 76
    bis_tabla             desplazar e ir al estado 77
    bis_parentesisAbrir   desplazar e ir al estado 78
    bis_ref               desplazar e ir al estado 79

    $default  reduce usando la regla 37 (lista_d_var)

    d_tipo       ir al estado 131
    expresion_t  ir al estado 81
    lista_id     ir al estado 35
    lista_d_var  ir al estado 132
    expresion    ir al estado 82
    operando     ir al estado 83


Estado 90

   18 declaracion_var: bis_var lista_d_var bis_fvar . bis_puntoComa

    bis_puntoComa  desplazar e ir al estado 133


Estado 91

    1 desc_algoritmo: bis_algoritmo bis_id bis_puntoComa cabecera_alg bloque_alg bis_falgoritmo bis_puntoComa .

    $default  reduce usando la regla 1 (desc_algoritmo)


Estado 92

   43 expresion: expresion . bis_suma expresion
   44          | expresion . bis_resta expresion
   45          | expresion . bis_multiplicacion expresion
   46          | expresion . bis_div_real expresion
   47          | expresion . bis_mod expresion
   48          | expresion . bis_div expresion
   55          | expresion . bis_y expresion
   56          | expresion . bis_o expresion
   60          | expresion . bis_oprel expresion
   72 alternativa: bis_si expresion . bis_alternativa instrucciones lista_opciones bis_fsi

    bis_alternativa     desplazar e ir al estado 134
    bis_suma            desplazar e ir al estado 118
    bis_resta           desplazar e ir al estado 119
    bis_multiplicacion  desplazar e ir al estado 120
    bis_div             desplazar e ir al estado 121
    bis_mod             desplazar e ir al estado 122
    bis_div_real        desplazar e ir al estado 123
    bis_o               desplazar e ir al estado 124
    bis_y               desplazar e ir al estado 125
    bis_oprel           desplazar e ir al estado 126


Estado 93

   75 it_cota_fija: bis_para bis_id . bis_asignacion expresion bis_hasta expresion bis_hacer instrucciones bis_fpara

    bis_asignacion  desplazar e ir al estado 135


Estado 94

   43 expresion: expresion . bis_suma expresion
   44          | expresion . bis_resta expresion
   45          | expresion . bis_multiplicacion expresion
   46          | expresion . bis_div_real expresion
   47          | expresion . bis_mod expresion
   48          | expresion . bis_div expresion
   55          | expresion . bis_y expresion
   56          | expresion . bis_o expresion
   60          | expresion . bis_oprel expresion
   76 it_cota_exp: bis_mientras expresion . bis_hacer instrucciones bis_fmientras

    bis_suma            desplazar e ir al estado 118
    bis_resta           desplazar e ir al estado 119
    bis_multiplicacion  desplazar e ir al estado 120
    bis_div             desplazar e ir al estado 121
    bis_mod             desplazar e ir al estado 122
    bis_div_real        desplazar e ir al estado 123
    bis_o               desplazar e ir al estado 124
    bis_y               desplazar e ir al estado 125
    bis_oprel           desplazar e ir al estado 126
    bis_hacer           desplazar e ir al estado 136


Estado 95

   71 asignacion: operando bis_asignacion . expresion

    bis_verdadero        desplazar e ir al estado 67
    bis_falso            desplazar e ir al estado 68
    bis_suma             desplazar e ir al estado 69
    bis_resta            desplazar e ir al estado 70
    bis_no               desplazar e ir al estado 71
    bis_id               desplazar e ir al estado 39
    bis_literal_entero   desplazar e ir al estado 73
    bis_literal_real     desplazar e ir al estado 74
    bis_parentesisAbrir  desplazar e ir al estado 78

    expresion  ir al estado 137
    operando   ir al estado 83


Estado 96

   63 operando: operando bis_corcheteAbrir . expresion bis_corcheteCerrar

    bis_verdadero        desplazar e ir al estado 67
    bis_falso            desplazar e ir al estado 68
    bis_suma             desplazar e ir al estado 69
    bis_resta            desplazar e ir al estado 70
    bis_no               desplazar e ir al estado 71
    bis_id               desplazar e ir al estado 39
    bis_literal_entero   desplazar e ir al estado 73
    bis_literal_real     desplazar e ir al estado 74
    bis_parentesisAbrir  desplazar e ir al estado 78

    expresion  ir al estado 138
    operando   ir al estado 83


Estado 97

   62 operando: operando bis_punto . operando

    bis_id  desplazar e ir al estado 39

    operando  ir al estado 139


Estado 98

   64 operando: operando bis_ref .

    $default  reduce usando la regla 64 (operando)


Estado 99

   65 instrucciones: instruccion bis_puntoComa . instrucciones

    bis_id         desplazar e ir al estado 39
    bis_si         desplazar e ir al estado 40
    bis_para       desplazar e ir al estado 41
    bis_mientras   desplazar e ir al estado 42
    bis_continuar  desplazar e ir al estado 43

    operando       ir al estado 44
    instrucciones  ir al estado 140
    instruccion    ir al estado 46
    asignacion     ir al estado 47
    alternativa    ir al estado 48
    it_cota_fija   ir al estado 49
    it_cota_exp    ir al estado 50
    iteracion      ir al estado 51


Estado 100

   82 f_cabecera: bis_id bis_parentesisAbrir . lista_d_var bis_parentesisCerrar bis_dev d_tipo bis_puntoComa

    bis_id  desplazar e ir al estado 34

    $default  reduce usando la regla 37 (lista_d_var)

    lista_id     ir al estado 35
    lista_d_var  ir al estado 141


Estado 101

   80 funcion_d: bis_funcion f_cabecera bloque . bis_dev expresion bis_ffuncion

    bis_dev  desplazar e ir al estado 142


Estado 102

   81 a_cabecera: bis_id bis_parentesisAbrir . d_par_form bis_parentesisCerrar bis_puntoComa

    bis_ent            desplazar e ir al estado 143
    bis_sal            desplazar e ir al estado 144
    bis_entradaSalida  desplazar e ir al estado 145

    $default  reduce usando la regla 84 (d_par_form)

    d_par_form  ir al estado 146
    d_p_form    ir al estado 147


Estado 103

   79 accion_d: bis_accion a_cabecera bloque . bis_faccion

    bis_faccion  desplazar e ir al estado 148


Estado 104

   41 decl_ent: bis_ent lista_d_var .

    $default  reduce usando la regla 41 (decl_ent)


Estado 105

   42 decl_sal: bis_sal lista_d_var .

    $default  reduce usando la regla 42 (decl_sal)


Estado 106

    2 cabecera_alg: decl_globales decl_a_f decl_ent_sal bis_comentario .

    $default  reduce usando la regla 2 (cabecera_alg)


Estado 107

   39 decl_ent_sal: decl_ent decl_sal .

    $default  reduce usando la regla 39 (decl_ent_sal)


Estado 108

   43 expresion: expresion . bis_suma expresion
   44          | expresion . bis_resta expresion
   45          | expresion . bis_multiplicacion expresion
   46          | expresion . bis_div_real expresion
   47          | expresion . bis_mod expresion
   48          | expresion . bis_div expresion
   54          | bis_suma expresion .
   55          | expresion . bis_y expresion
   56          | expresion . bis_o expresion
   60          | expresion . bis_oprel expresion

    bis_multiplicacion  desplazar e ir al estado 120
    bis_div             desplazar e ir al estado 121
    bis_mod             desplazar e ir al estado 122
    bis_div_real        desplazar e ir al estado 123
    bis_o               desplazar e ir al estado 124
    bis_y               desplazar e ir al estado 125
    bis_oprel           desplazar e ir al estado 126

    $default  reduce usando la regla 54 (expresion)


Estado 109

   43 expresion: expresion . bis_suma expresion
   44          | expresion . bis_resta expresion
   45          | expresion . bis_multiplicacion expresion
   46          | expresion . bis_div_real expresion
   47          | expresion . bis_mod expresion
   48          | expresion . bis_div expresion
   53          | bis_resta expresion .
   55          | expresion . bis_y expresion
   56          | expresion . bis_o expresion
   60          | expresion . bis_oprel expresion

    bis_multiplicacion  desplazar e ir al estado 120
    bis_div             desplazar e ir al estado 121
    bis_mod             desplazar e ir al estado 122
    bis_div_real        desplazar e ir al estado 123
    bis_o               desplazar e ir al estado 124
    bis_y               desplazar e ir al estado 125
    bis_oprel           desplazar e ir al estado 126

    $default  reduce usando la regla 53 (expresion)


Estado 110

   43 expresion: expresion . bis_suma expresion
   44          | expresion . bis_resta expresion
   45          | expresion . bis_multiplicacion expresion
   46          | expresion . bis_div_real expresion
   47          | expresion . bis_mod expresion
   48          | expresion . bis_div expresion
   55          | expresion . bis_y expresion
   56          | expresion . bis_o expresion
   57          | bis_no expresion .
   60          | expresion . bis_oprel expresion

    $default  reduce usando la regla 57 (expresion)


Estado 111

   29 lista_campos: bis_id . bis_dosPuntos d_tipo bis_puntoComa lista_campos

    bis_dosPuntos  desplazar e ir al estado 149


Estado 112

   21 d_tipo: bis_tupla lista_campos . bis_ftupla

    bis_ftupla  desplazar e ir al estado 150


Estado 113

   22 d_tipo: bis_tabla bis_corcheteAbrir . expresion_t bis_subrango expresion_t bis_corcheteCerrar bis_de d_tipo

    bis_verdadero         desplazar e ir al estado 67
    bis_falso             desplazar e ir al estado 68
    bis_suma              desplazar e ir al estado 69
    bis_resta             desplazar e ir al estado 70
    bis_no                desplazar e ir al estado 71
    bis_id                desplazar e ir al estado 39
    bis_literal_entero    desplazar e ir al estado 73
    bis_literal_real      desplazar e ir al estado 74
    bis_literal_caracter  desplazar e ir al estado 75
    bis_parentesisAbrir   desplazar e ir al estado 78

    expresion_t  ir al estado 151
    expresion    ir al estado 82
    operando     ir al estado 83


Estado 114

   43 expresion: expresion . bis_suma expresion
   44          | expresion . bis_resta expresion
   45          | expresion . bis_multiplicacion expresion
   46          | expresion . bis_div_real expresion
   47          | expresion . bis_mod expresion
   48          | expresion . bis_div expresion
   49          | bis_parentesisAbrir expresion . bis_parentesisCerrar
   55          | expresion . bis_y expresion
   56          | expresion . bis_o expresion
   60          | expresion . bis_oprel expresion

    bis_suma              desplazar e ir al estado 118
    bis_resta             desplazar e ir al estado 119
    bis_multiplicacion    desplazar e ir al estado 120
    bis_div               desplazar e ir al estado 121
    bis_mod               desplazar e ir al estado 122
    bis_div_real          desplazar e ir al estado 123
    bis_o                 desplazar e ir al estado 124
    bis_y                 desplazar e ir al estado 125
    bis_oprel             desplazar e ir al estado 126
    bis_parentesisCerrar  desplazar e ir al estado 152


Estado 115

   25 d_tipo: bis_ref d_tipo .

    $default  reduce usando la regla 25 (d_tipo)


Estado 116

   19 lista_d_tipo: bis_id bis_igual d_tipo bis_puntoComa .

    $default  reduce usando la regla 19 (lista_d_tipo)


Estado 117

   24 d_tipo: expresion_t bis_subrango . expresion_t

    bis_verdadero         desplazar e ir al estado 67
    bis_falso             desplazar e ir al estado 68
    bis_suma              desplazar e ir al estado 69
    bis_resta             desplazar e ir al estado 70
    bis_no                desplazar e ir al estado 71
    bis_id                desplazar e ir al estado 39
    bis_literal_entero    desplazar e ir al estado 73
    bis_literal_real      desplazar e ir al estado 74
    bis_literal_caracter  desplazar e ir al estado 75
    bis_parentesisAbrir   desplazar e ir al estado 78

    expresion_t  ir al estado 153
    expresion    ir al estado 82
    operando     ir al estado 83


Estado 118

   43 expresion: expresion bis_suma . expresion

    bis_verdadero        desplazar e ir al estado 67
    bis_falso            desplazar e ir al estado 68
    bis_suma             desplazar e ir al estado 69
    bis_resta            desplazar e ir al estado 70
    bis_no               desplazar e ir al estado 71
    bis_id               desplazar e ir al estado 39
    bis_literal_entero   desplazar e ir al estado 73
    bis_literal_real     desplazar e ir al estado 74
    bis_parentesisAbrir  desplazar e ir al estado 78

    expresion  ir al estado 154
    operando   ir al estado 83


Estado 119

   44 expresion: expresion bis_resta . expresion

    bis_verdadero        desplazar e ir al estado 67
    bis_falso            desplazar e ir al estado 68
    bis_suma             desplazar e ir al estado 69
    bis_resta            desplazar e ir al estado 70
    bis_no               desplazar e ir al estado 71
    bis_id               desplazar e ir al estado 39
    bis_literal_entero   desplazar e ir al estado 73
    bis_literal_real     desplazar e ir al estado 74
    bis_parentesisAbrir  desplazar e ir al estado 78

    expresion  ir al estado 155
    operando   ir al estado 83


Estado 120

   45 expresion: expresion bis_multiplicacion . expresion

    bis_verdadero        desplazar e ir al estado 67
    bis_falso            desplazar e ir al estado 68
    bis_suma             desplazar e ir al estado 69
    bis_resta            desplazar e ir al estado 70
    bis_no               desplazar e ir al estado 71
    bis_id               desplazar e ir al estado 39
    bis_literal_entero   desplazar e ir al estado 73
    bis_literal_real     desplazar e ir al estado 74
    bis_parentesisAbrir  desplazar e ir al estado 78

    expresion  ir al estado 156
    operando   ir al estado 83


Estado 121

   48 expresion: expresion bis_div . expresion

    bis_verdadero        desplazar e ir al estado 67
    bis_falso            desplazar e ir al estado 68
    bis_suma             desplazar e ir al estado 69
    bis_resta            desplazar e ir al estado 70
    bis_no               desplazar e ir al estado 71
    bis_id               desplazar e ir al estado 39
    bis_literal_entero   desplazar e ir al estado 73
    bis_literal_real     desplazar e ir al estado 74
    bis_parentesisAbrir  desplazar e ir al estado 78

    expresion  ir al estado 157
    operando   ir al estado 83


Estado 122

   47 expresion: expresion bis_mod . expresion

    bis_verdadero        desplazar e ir al estado 67
    bis_falso            desplazar e ir al estado 68
    bis_suma             desplazar e ir al estado 69
    bis_resta            desplazar e ir al estado 70
    bis_no               desplazar e ir al estado 71
    bis_id               desplazar e ir al estado 39
    bis_literal_entero   desplazar e ir al estado 73
    bis_literal_real     desplazar e ir al estado 74
    bis_parentesisAbrir  desplazar e ir al estado 78

    expresion  ir al estado 158
    operando   ir al estado 83


Estado 123

   46 expresion: expresion bis_div_real . expresion

    bis_verdadero        desplazar e ir al estado 67
    bis_falso            desplazar e ir al estado 68
    bis_suma             desplazar e ir al estado 69
    bis_resta            desplazar e ir al estado 70
    bis_no               desplazar e ir al estado 71
    bis_id               desplazar e ir al estado 39
    bis_literal_entero   desplazar e ir al estado 73
    bis_literal_real     desplazar e ir al estado 74
    bis_parentesisAbrir  desplazar e ir al estado 78

    expresion  ir al estado 159
    operando   ir al estado 83


Estado 124

   56 expresion: expresion bis_o . expresion

    bis_verdadero        desplazar e ir al estado 67
    bis_falso            desplazar e ir al estado 68
    bis_suma             desplazar e ir al estado 69
    bis_resta            desplazar e ir al estado 70
    bis_no               desplazar e ir al estado 71
    bis_id               desplazar e ir al estado 39
    bis_literal_entero   desplazar e ir al estado 73
    bis_literal_real     desplazar e ir al estado 74
    bis_parentesisAbrir  desplazar e ir al estado 78

    expresion  ir al estado 160
    operando   ir al estado 83


Estado 125

   55 expresion: expresion bis_y . expresion

    bis_verdadero        desplazar e ir al estado 67
    bis_falso            desplazar e ir al estado 68
    bis_suma             desplazar e ir al estado 69
    bis_resta            desplazar e ir al estado 70
    bis_no               desplazar e ir al estado 71
    bis_id               desplazar e ir al estado 39
    bis_literal_entero   desplazar e ir al estado 73
    bis_literal_real     desplazar e ir al estado 74
    bis_parentesisAbrir  desplazar e ir al estado 78

    expresion  ir al estado 161
    operando   ir al estado 83


Estado 126

   60 expresion: expresion bis_oprel . expresion

    bis_verdadero        desplazar e ir al estado 67
    bis_falso            desplazar e ir al estado 68
    bis_suma             desplazar e ir al estado 69
    bis_resta            desplazar e ir al estado 70
    bis_no               desplazar e ir al estado 71
    bis_id               desplazar e ir al estado 39
    bis_literal_entero   desplazar e ir al estado 73
    bis_literal_real     desplazar e ir al estado 74
    bis_parentesisAbrir  desplazar e ir al estado 78

    expresion  ir al estado 162
    operando   ir al estado 83


Estado 127

   31 lista_d_cte: bis_id bis_igual bis_literal bis_puntoComa . lista_d_cte

    bis_id  desplazar e ir al estado 14

    $default  reduce usando la regla 32 (lista_d_cte)

    lista_d_cte  ir al estado 163


Estado 128

   33 lista_id: bis_id bis_coma lista_id .

    $default  reduce usando la regla 33 (lista_id)


Estado 129

   34 lista_id: bis_id bis_dosPuntos bis_tipo_base .

    $default  reduce usando la regla 34 (lista_id)


Estado 130

   23 d_tipo: bis_id .
   33 lista_id: bis_id . bis_coma lista_id
   34         | bis_id . bis_dosPuntos bis_tipo_base
   61 operando: bis_id .

    bis_coma       desplazar e ir al estado 87
    bis_dosPuntos  desplazar e ir al estado 88

    bis_puntoComa  reduce usando la regla 23 (d_tipo)
    $default       reduce usando la regla 61 (operando)


Estado 131

   36 lista_d_var: lista_id bis_puntoComa d_tipo . bis_puntoComa lista_d_var

    bis_puntoComa  desplazar e ir al estado 164


Estado 132

   35 lista_d_var: lista_id bis_puntoComa lista_d_var .

    $default  reduce usando la regla 35 (lista_d_var)


Estado 133

   18 declaracion_var: bis_var lista_d_var bis_fvar bis_puntoComa .

    $default  reduce usando la regla 18 (declaracion_var)


Estado 134

   72 alternativa: bis_si expresion bis_alternativa . instrucciones lista_opciones bis_fsi

    bis_id         desplazar e ir al estado 39
    bis_si         desplazar e ir al estado 40
    bis_para       desplazar e ir al estado 41
    bis_mientras   desplazar e ir al estado 42
    bis_continuar  desplazar e ir al estado 43

    operando       ir al estado 44
    instrucciones  ir al estado 165
    instruccion    ir al estado 46
    asignacion     ir al estado 47
    alternativa    ir al estado 48
    it_cota_fija   ir al estado 49
    it_cota_exp    ir al estado 50
    iteracion      ir al estado 51


Estado 135

   75 it_cota_fija: bis_para bis_id bis_asignacion . expresion bis_hasta expresion bis_hacer instrucciones bis_fpara

    bis_verdadero        desplazar e ir al estado 67
    bis_falso            desplazar e ir al estado 68
    bis_suma             desplazar e ir al estado 69
    bis_resta            desplazar e ir al estado 70
    bis_no               desplazar e ir al estado 71
    bis_id               desplazar e ir al estado 39
    bis_literal_entero   desplazar e ir al estado 73
    bis_literal_real     desplazar e ir al estado 74
    bis_parentesisAbrir  desplazar e ir al estado 78

    expresion  ir al estado 166
    operando   ir al estado 83


Estado 136

   76 it_cota_exp: bis_mientras expresion bis_hacer . instrucciones bis_fmientras

    bis_id         desplazar e ir al estado 39
    bis_si         desplazar e ir al estado 40
    bis_para       desplazar e ir al estado 41
    bis_mientras   desplazar e ir al estado 42
    bis_continuar  desplazar e ir al estado 43

    operando       ir al estado 44
    instrucciones  ir al estado 167
    instruccion    ir al estado 46
    asignacion     ir al estado 47
    alternativa    ir al estado 48
    it_cota_fija   ir al estado 49
    it_cota_exp    ir al estado 50
    iteracion      ir al estado 51


Estado 137

   43 expresion: expresion . bis_suma expresion
   44          | expresion . bis_resta expresion
   45          | expresion . bis_multiplicacion expresion
   46          | expresion . bis_div_real expresion
   47          | expresion . bis_mod expresion
   48          | expresion . bis_div expresion
   55          | expresion . bis_y expresion
   56          | expresion . bis_o expresion
   60          | expresion . bis_oprel expresion
   71 asignacion: operando bis_asignacion expresion .

    bis_suma            desplazar e ir al estado 118
    bis_resta           desplazar e ir al estado 119
    bis_multiplicacion  desplazar e ir al estado 120
    bis_div             desplazar e ir al estado 121
    bis_mod             desplazar e ir al estado 122
    bis_div_real        desplazar e ir al estado 123
    bis_o               desplazar e ir al estado 124
    bis_y               desplazar e ir al estado 125
    bis_oprel           desplazar e ir al estado 126

    $default  reduce usando la regla 71 (asignacion)


Estado 138

   43 expresion: expresion . bis_suma expresion
   44          | expresion . bis_resta expresion
   45          | expresion . bis_multiplicacion expresion
   46          | expresion . bis_div_real expresion
   47          | expresion . bis_mod expresion
   48          | expresion . bis_div expresion
   55          | expresion . bis_y expresion
   56          | expresion . bis_o expresion
   60          | expresion . bis_oprel expresion
   63 operando: operando bis_corcheteAbrir expresion . bis_corcheteCerrar

    bis_suma            desplazar e ir al estado 118
    bis_resta           desplazar e ir al estado 119
    bis_multiplicacion  desplazar e ir al estado 120
    bis_div             desplazar e ir al estado 121
    bis_mod             desplazar e ir al estado 122
    bis_div_real        desplazar e ir al estado 123
    bis_o               desplazar e ir al estado 124
    bis_y               desplazar e ir al estado 125
    bis_oprel           desplazar e ir al estado 126
    bis_corcheteCerrar  desplazar e ir al estado 168


Estado 139

   62 operando: operando . bis_punto operando
   62         | operando bis_punto operando .
   63         | operando . bis_corcheteAbrir expresion bis_corcheteCerrar
   64         | operando . bis_ref

    bis_punto  desplazar e ir al estado 97
    bis_ref    desplazar e ir al estado 98

    $default  reduce usando la regla 62 (operando)


Estado 140

   65 instrucciones: instruccion bis_puntoComa instrucciones .

    $default  reduce usando la regla 65 (instrucciones)


Estado 141

   82 f_cabecera: bis_id bis_parentesisAbrir lista_d_var . bis_parentesisCerrar bis_dev d_tipo bis_puntoComa

    bis_parentesisCerrar  desplazar e ir al estado 169


Estado 142

   80 funcion_d: bis_funcion f_cabecera bloque bis_dev . expresion bis_ffuncion

    bis_verdadero        desplazar e ir al estado 67
    bis_falso            desplazar e ir al estado 68
    bis_suma             desplazar e ir al estado 69
    bis_resta            desplazar e ir al estado 70
    bis_no               desplazar e ir al estado 71
    bis_id               desplazar e ir al estado 39
    bis_literal_entero   desplazar e ir al estado 73
    bis_literal_real     desplazar e ir al estado 74
    bis_parentesisAbrir  desplazar e ir al estado 78

    expresion  ir al estado 170
    operando   ir al estado 83


Estado 143

   85 d_p_form: bis_ent . lista_id bis_dosPuntos d_tipo

    bis_id  desplazar e ir al estado 34

    lista_id  ir al estado 171


Estado 144

   86 d_p_form: bis_sal . lista_id bis_dosPuntos d_tipo

    bis_id  desplazar e ir al estado 34

    lista_id  ir al estado 172


Estado 145

   87 d_p_form: bis_entradaSalida . lista_id bis_dosPuntos d_tipo

    bis_id  desplazar e ir al estado 34

    lista_id  ir al estado 173


Estado 146

   81 a_cabecera: bis_id bis_parentesisAbrir d_par_form . bis_parentesisCerrar bis_puntoComa

    bis_parentesisCerrar  desplazar e ir al estado 174


Estado 147

   83 d_par_form: d_p_form . bis_puntoComa d_par_form

    bis_puntoComa  desplazar e ir al estado 175


Estado 148

   79 accion_d: bis_accion a_cabecera bloque bis_faccion .

    $default  reduce usando la regla 79 (accion_d)


Estado 149

   29 lista_campos: bis_id bis_dosPuntos . d_tipo bis_puntoComa lista_campos

    bis_tipo_base         desplazar e ir al estado 66
    bis_verdadero         desplazar e ir al estado 67
    bis_falso             desplazar e ir al estado 68
    bis_suma              desplazar e ir al estado 69
    bis_resta             desplazar e ir al estado 70
    bis_no                desplazar e ir al estado 71
    bis_id                desplazar e ir al estado 72
    bis_literal_entero    desplazar e ir al estado 73
    bis_literal_real      desplazar e ir al estado 74
    bis_literal_caracter  desplazar e ir al estado 75
    bis_tupla             desplazar e ir al estado 76
    bis_tabla             desplazar e ir al estado 77
    bis_parentesisAbrir   desplazar e ir al estado 78
    bis_ref               desplazar e ir al estado 79

    d_tipo       ir al estado 176
    expresion_t  ir al estado 81
    expresion    ir al estado 82
    operando     ir al estado 83


Estado 150

   21 d_tipo: bis_tupla lista_campos bis_ftupla .

    $default  reduce usando la regla 21 (d_tipo)


Estado 151

   22 d_tipo: bis_tabla bis_corcheteAbrir expresion_t . bis_subrango expresion_t bis_corcheteCerrar bis_de d_tipo

    bis_subrango  desplazar e ir al estado 177


Estado 152

   49 expresion: bis_parentesisAbrir expresion bis_parentesisCerrar .

    $default  reduce usando la regla 49 (expresion)


Estado 153

   24 d_tipo: expresion_t bis_subrango expresion_t .

    $default  reduce usando la regla 24 (d_tipo)


Estado 154

   43 expresion: expresion . bis_suma expresion
   43          | expresion bis_suma expresion .
   44          | expresion . bis_resta expresion
   45          | expresion . bis_multiplicacion expresion
   46          | expresion . bis_div_real expresion
   47          | expresion . bis_mod expresion
   48          | expresion . bis_div expresion
   55          | expresion . bis_y expresion
   56          | expresion . bis_o expresion
   60          | expresion . bis_oprel expresion

    bis_multiplicacion  desplazar e ir al estado 120
    bis_div             desplazar e ir al estado 121
    bis_mod             desplazar e ir al estado 122
    bis_div_real        desplazar e ir al estado 123
    bis_o               desplazar e ir al estado 124
    bis_y               desplazar e ir al estado 125
    bis_oprel           desplazar e ir al estado 126

    $default  reduce usando la regla 43 (expresion)


Estado 155

   43 expresion: expresion . bis_suma expresion
   44          | expresion . bis_resta expresion
   44          | expresion bis_resta expresion .
   45          | expresion . bis_multiplicacion expresion
   46          | expresion . bis_div_real expresion
   47          | expresion . bis_mod expresion
   48          | expresion . bis_div expresion
   55          | expresion . bis_y expresion
   56          | expresion . bis_o expresion
   60          | expresion . bis_oprel expresion

    bis_multiplicacion  desplazar e ir al estado 120
    bis_div             desplazar e ir al estado 121
    bis_mod             desplazar e ir al estado 122
    bis_div_real        desplazar e ir al estado 123
    bis_o               desplazar e ir al estado 124
    bis_y               desplazar e ir al estado 125
    bis_oprel           desplazar e ir al estado 126

    $default  reduce usando la regla 44 (expresion)


Estado 156

   43 expresion: expresion . bis_suma expresion
   44          | expresion . bis_resta expresion
   45          | expresion . bis_multiplicacion expresion
   45          | expresion bis_multiplicacion expresion .
   46          | expresion . bis_div_real expresion
   47          | expresion . bis_mod expresion
   48          | expresion . bis_div expresion
   55          | expresion . bis_y expresion
   56          | expresion . bis_o expresion
   60          | expresion . bis_oprel expresion

    bis_o      desplazar e ir al estado 124
    bis_y      desplazar e ir al estado 125
    bis_oprel  desplazar e ir al estado 126

    $default  reduce usando la regla 45 (expresion)


Estado 157

   43 expresion: expresion . bis_suma expresion
   44          | expresion . bis_resta expresion
   45          | expresion . bis_multiplicacion expresion
   46          | expresion . bis_div_real expresion
   47          | expresion . bis_mod expresion
   48          | expresion . bis_div expresion
   48          | expresion bis_div expresion .
   55          | expresion . bis_y expresion
   56          | expresion . bis_o expresion
   60          | expresion . bis_oprel expresion

    bis_o      desplazar e ir al estado 124
    bis_y      desplazar e ir al estado 125
    bis_oprel  desplazar e ir al estado 126

    $default  reduce usando la regla 48 (expresion)


Estado 158

   43 expresion: expresion . bis_suma expresion
   44          | expresion . bis_resta expresion
   45          | expresion . bis_multiplicacion expresion
   46          | expresion . bis_div_real expresion
   47          | expresion . bis_mod expresion
   47          | expresion bis_mod expresion .
   48          | expresion . bis_div expresion
   55          | expresion . bis_y expresion
   56          | expresion . bis_o expresion
   60          | expresion . bis_oprel expresion

    bis_o      desplazar e ir al estado 124
    bis_y      desplazar e ir al estado 125
    bis_oprel  desplazar e ir al estado 126

    $default  reduce usando la regla 47 (expresion)


Estado 159

   43 expresion: expresion . bis_suma expresion
   44          | expresion . bis_resta expresion
   45          | expresion . bis_multiplicacion expresion
   46          | expresion . bis_div_real expresion
   46          | expresion bis_div_real expresion .
   47          | expresion . bis_mod expresion
   48          | expresion . bis_div expresion
   55          | expresion . bis_y expresion
   56          | expresion . bis_o expresion
   60          | expresion . bis_oprel expresion

    bis_o      desplazar e ir al estado 124
    bis_y      desplazar e ir al estado 125
    bis_oprel  desplazar e ir al estado 126

    $default  reduce usando la regla 46 (expresion)


Estado 160

   43 expresion: expresion . bis_suma expresion
   44          | expresion . bis_resta expresion
   45          | expresion . bis_multiplicacion expresion
   46          | expresion . bis_div_real expresion
   47          | expresion . bis_mod expresion
   48          | expresion . bis_div expresion
   55          | expresion . bis_y expresion
   56          | expresion . bis_o expresion
   56          | expresion bis_o expresion .
   60          | expresion . bis_oprel expresion

    bis_y      desplazar e ir al estado 125
    bis_oprel  desplazar e ir al estado 126

    $default  reduce usando la regla 56 (expresion)


Estado 161

   43 expresion: expresion . bis_suma expresion
   44          | expresion . bis_resta expresion
   45          | expresion . bis_multiplicacion expresion
   46          | expresion . bis_div_real expresion
   47          | expresion . bis_mod expresion
   48          | expresion . bis_div expresion
   55          | expresion . bis_y expresion
   55          | expresion bis_y expresion .
   56          | expresion . bis_o expresion
   60          | expresion . bis_oprel expresion

    bis_oprel  desplazar e ir al estado 126

    $default  reduce usando la regla 55 (expresion)


Estado 162

   43 expresion: expresion . bis_suma expresion
   44          | expresion . bis_resta expresion
   45          | expresion . bis_multiplicacion expresion
   46          | expresion . bis_div_real expresion
   47          | expresion . bis_mod expresion
   48          | expresion . bis_div expresion
   55          | expresion . bis_y expresion
   56          | expresion . bis_o expresion
   60          | expresion . bis_oprel expresion
   60          | expresion bis_oprel expresion .

    $default  reduce usando la regla 60 (expresion)


Estado 163

   31 lista_d_cte: bis_id bis_igual bis_literal bis_puntoComa lista_d_cte .

    $default  reduce usando la regla 31 (lista_d_cte)


Estado 164

   36 lista_d_var: lista_id bis_puntoComa d_tipo bis_puntoComa . lista_d_var

    bis_id  desplazar e ir al estado 34

    $default  reduce usando la regla 37 (lista_d_var)

    lista_id     ir al estado 35
    lista_d_var  ir al estado 178


Estado 165

   72 alternativa: bis_si expresion bis_alternativa instrucciones . lista_opciones bis_fsi

    bis_sino  desplazar e ir al estado 179

    $default  reduce usando la regla 74 (lista_opciones)

    lista_opciones  ir al estado 180


Estado 166

   43 expresion: expresion . bis_suma expresion
   44          | expresion . bis_resta expresion
   45          | expresion . bis_multiplicacion expresion
   46          | expresion . bis_div_real expresion
   47          | expresion . bis_mod expresion
   48          | expresion . bis_div expresion
   55          | expresion . bis_y expresion
   56          | expresion . bis_o expresion
   60          | expresion . bis_oprel expresion
   75 it_cota_fija: bis_para bis_id bis_asignacion expresion . bis_hasta expresion bis_hacer instrucciones bis_fpara

    bis_suma            desplazar e ir al estado 118
    bis_resta           desplazar e ir al estado 119
    bis_multiplicacion  desplazar e ir al estado 120
    bis_div             desplazar e ir al estado 121
    bis_mod             desplazar e ir al estado 122
    bis_div_real        desplazar e ir al estado 123
    bis_o               desplazar e ir al estado 124
    bis_y               desplazar e ir al estado 125
    bis_oprel           desplazar e ir al estado 126
    bis_hasta           desplazar e ir al estado 181


Estado 167

   76 it_cota_exp: bis_mientras expresion bis_hacer instrucciones . bis_fmientras

    bis_fmientras  desplazar e ir al estado 182


Estado 168

   63 operando: operando bis_corcheteAbrir expresion bis_corcheteCerrar .

    $default  reduce usando la regla 63 (operando)


Estado 169

   82 f_cabecera: bis_id bis_parentesisAbrir lista_d_var bis_parentesisCerrar . bis_dev d_tipo bis_puntoComa

    bis_dev  desplazar e ir al estado 183


Estado 170

   43 expresion: expresion . bis_suma expresion
   44          | expresion . bis_resta expresion
   45          | expresion . bis_multiplicacion expresion
   46          | expresion . bis_div_real expresion
   47          | expresion . bis_mod expresion
   48          | expresion . bis_div expresion
   55          | expresion . bis_y expresion
   56          | expresion . bis_o expresion
   60          | expresion . bis_oprel expresion
   80 funcion_d: bis_funcion f_cabecera bloque bis_dev expresion . bis_ffuncion

    bis_suma            desplazar e ir al estado 118
    bis_resta           desplazar e ir al estado 119
    bis_multiplicacion  desplazar e ir al estado 120
    bis_div             desplazar e ir al estado 121
    bis_mod             desplazar e ir al estado 122
    bis_div_real        desplazar e ir al estado 123
    bis_o               desplazar e ir al estado 124
    bis_y               desplazar e ir al estado 125
    bis_oprel           desplazar e ir al estado 126
    bis_ffuncion        desplazar e ir al estado 184


Estado 171

   85 d_p_form: bis_ent lista_id . bis_dosPuntos d_tipo

    bis_dosPuntos  desplazar e ir al estado 185


Estado 172

   86 d_p_form: bis_sal lista_id . bis_dosPuntos d_tipo

    bis_dosPuntos  desplazar e ir al estado 186


Estado 173

   87 d_p_form: bis_entradaSalida lista_id . bis_dosPuntos d_tipo

    bis_dosPuntos  desplazar e ir al estado 187


Estado 174

   81 a_cabecera: bis_id bis_parentesisAbrir d_par_form bis_parentesisCerrar . bis_puntoComa

    bis_puntoComa  desplazar e ir al estado 188


Estado 175

   83 d_par_form: d_p_form bis_puntoComa . d_par_form

    bis_ent            desplazar e ir al estado 143
    bis_sal            desplazar e ir al estado 144
    bis_entradaSalida  desplazar e ir al estado 145

    $default  reduce usando la regla 84 (d_par_form)

    d_par_form  ir al estado 189
    d_p_form    ir al estado 147


Estado 176

   29 lista_campos: bis_id bis_dosPuntos d_tipo . bis_puntoComa lista_campos

    bis_puntoComa  desplazar e ir al estado 190


Estado 177

   22 d_tipo: bis_tabla bis_corcheteAbrir expresion_t bis_subrango . expresion_t bis_corcheteCerrar bis_de d_tipo

    bis_verdadero         desplazar e ir al estado 67
    bis_falso             desplazar e ir al estado 68
    bis_suma              desplazar e ir al estado 69
    bis_resta             desplazar e ir al estado 70
    bis_no                desplazar e ir al estado 71
    bis_id                desplazar e ir al estado 39
    bis_literal_entero    desplazar e ir al estado 73
    bis_literal_real      desplazar e ir al estado 74
    bis_literal_caracter  desplazar e ir al estado 75
    bis_parentesisAbrir   desplazar e ir al estado 78

    expresion_t  ir al estado 191
    expresion    ir al estado 82
    operando     ir al estado 83


Estado 178

   36 lista_d_var: lista_id bis_puntoComa d_tipo bis_puntoComa lista_d_var .

    $default  reduce usando la regla 36 (lista_d_var)


Estado 179

   73 lista_opciones: bis_sino . expresion bis_alternativa instrucciones lista_opciones

    bis_verdadero        desplazar e ir al estado 67
    bis_falso            desplazar e ir al estado 68
    bis_suma             desplazar e ir al estado 69
    bis_resta            desplazar e ir al estado 70
    bis_no               desplazar e ir al estado 71
    bis_id               desplazar e ir al estado 39
    bis_literal_entero   desplazar e ir al estado 73
    bis_literal_real     desplazar e ir al estado 74
    bis_parentesisAbrir  desplazar e ir al estado 78

    expresion  ir al estado 192
    operando   ir al estado 83


Estado 180

   72 alternativa: bis_si expresion bis_alternativa instrucciones lista_opciones . bis_fsi

    bis_fsi  desplazar e ir al estado 193


Estado 181

   75 it_cota_fija: bis_para bis_id bis_asignacion expresion bis_hasta . expresion bis_hacer instrucciones bis_fpara

    bis_verdadero        desplazar e ir al estado 67
    bis_falso            desplazar e ir al estado 68
    bis_suma             desplazar e ir al estado 69
    bis_resta            desplazar e ir al estado 70
    bis_no               desplazar e ir al estado 71
    bis_id               desplazar e ir al estado 39
    bis_literal_entero   desplazar e ir al estado 73
    bis_literal_real     desplazar e ir al estado 74
    bis_parentesisAbrir  desplazar e ir al estado 78

    expresion  ir al estado 194
    operando   ir al estado 83


Estado 182

   76 it_cota_exp: bis_mientras expresion bis_hacer instrucciones bis_fmientras .

    $default  reduce usando la regla 76 (it_cota_exp)


Estado 183

   82 f_cabecera: bis_id bis_parentesisAbrir lista_d_var bis_parentesisCerrar bis_dev . d_tipo bis_puntoComa

    bis_tipo_base         desplazar e ir al estado 66
    bis_verdadero         desplazar e ir al estado 67
    bis_falso             desplazar e ir al estado 68
    bis_suma              desplazar e ir al estado 69
    bis_resta             desplazar e ir al estado 70
    bis_no                desplazar e ir al estado 71
    bis_id                desplazar e ir al estado 72
    bis_literal_entero    desplazar e ir al estado 73
    bis_literal_real      desplazar e ir al estado 74
    bis_literal_caracter  desplazar e ir al estado 75
    bis_tupla             desplazar e ir al estado 76
    bis_tabla             desplazar e ir al estado 77
    bis_parentesisAbrir   desplazar e ir al estado 78
    bis_ref               desplazar e ir al estado 79

    d_tipo       ir al estado 195
    expresion_t  ir al estado 81
    expresion    ir al estado 82
    operando     ir al estado 83


Estado 184

   80 funcion_d: bis_funcion f_cabecera bloque bis_dev expresion bis_ffuncion .

    $default  reduce usando la regla 80 (funcion_d)


Estado 185

   85 d_p_form: bis_ent lista_id bis_dosPuntos . d_tipo

    bis_tipo_base         desplazar e ir al estado 66
    bis_verdadero         desplazar e ir al estado 67
    bis_falso             desplazar e ir al estado 68
    bis_suma              desplazar e ir al estado 69
    bis_resta             desplazar e ir al estado 70
    bis_no                desplazar e ir al estado 71
    bis_id                desplazar e ir al estado 72
    bis_literal_entero    desplazar e ir al estado 73
    bis_literal_real      desplazar e ir al estado 74
    bis_literal_caracter  desplazar e ir al estado 75
    bis_tupla             desplazar e ir al estado 76
    bis_tabla             desplazar e ir al estado 77
    bis_parentesisAbrir   desplazar e ir al estado 78
    bis_ref               desplazar e ir al estado 79

    d_tipo       ir al estado 196
    expresion_t  ir al estado 81
    expresion    ir al estado 82
    operando     ir al estado 83


Estado 186

   86 d_p_form: bis_sal lista_id bis_dosPuntos . d_tipo

    bis_tipo_base         desplazar e ir al estado 66
    bis_verdadero         desplazar e ir al estado 67
    bis_falso             desplazar e ir al estado 68
    bis_suma              desplazar e ir al estado 69
    bis_resta             desplazar e ir al estado 70
    bis_no                desplazar e ir al estado 71
    bis_id                desplazar e ir al estado 72
    bis_literal_entero    desplazar e ir al estado 73
    bis_literal_real      desplazar e ir al estado 74
    bis_literal_caracter  desplazar e ir al estado 75
    bis_tupla             desplazar e ir al estado 76
    bis_tabla             desplazar e ir al estado 77
    bis_parentesisAbrir   desplazar e ir al estado 78
    bis_ref               desplazar e ir al estado 79

    d_tipo       ir al estado 197
    expresion_t  ir al estado 81
    expresion    ir al estado 82
    operando     ir al estado 83


Estado 187

   87 d_p_form: bis_entradaSalida lista_id bis_dosPuntos . d_tipo

    bis_tipo_base         desplazar e ir al estado 66
    bis_verdadero         desplazar e ir al estado 67
    bis_falso             desplazar e ir al estado 68
    bis_suma              desplazar e ir al estado 69
    bis_resta             desplazar e ir al estado 70
    bis_no                desplazar e ir al estado 71
    bis_id                desplazar e ir al estado 72
    bis_literal_entero    desplazar e ir al estado 73
    bis_literal_real      desplazar e ir al estado 74
    bis_literal_caracter  desplazar e ir al estado 75
    bis_tupla             desplazar e ir al estado 76
    bis_tabla             desplazar e ir al estado 77
    bis_parentesisAbrir   desplazar e ir al estado 78
    bis_ref               desplazar e ir al estado 79

    d_tipo       ir al estado 198
    expresion_t  ir al estado 81
    expresion    ir al estado 82
    operando     ir al estado 83


Estado 188

   81 a_cabecera: bis_id bis_parentesisAbrir d_par_form bis_parentesisCerrar bis_puntoComa .

    $default  reduce usando la regla 81 (a_cabecera)


Estado 189

   83 d_par_form: d_p_form bis_puntoComa d_par_form .

    $default  reduce usando la regla 83 (d_par_form)


Estado 190

   29 lista_campos: bis_id bis_dosPuntos d_tipo bis_puntoComa . lista_campos

    bis_id  desplazar e ir al estado 111

    $default  reduce usando la regla 30 (lista_campos)

    lista_campos  ir al estado 199


Estado 191

   22 d_tipo: bis_tabla bis_corcheteAbrir expresion_t bis_subrango expresion_t . bis_corcheteCerrar bis_de d_tipo

    bis_corcheteCerrar  desplazar e ir al estado 200


Estado 192

   43 expresion: expresion . bis_suma expresion
   44          | expresion . bis_resta expresion
   45          | expresion . bis_multiplicacion expresion
   46          | expresion . bis_div_real expresion
   47          | expresion . bis_mod expresion
   48          | expresion . bis_div expresion
   55          | expresion . bis_y expresion
   56          | expresion . bis_o expresion
   60          | expresion . bis_oprel expresion
   73 lista_opciones: bis_sino expresion . bis_alternativa instrucciones lista_opciones

    bis_alternativa     desplazar e ir al estado 201
    bis_suma            desplazar e ir al estado 118
    bis_resta           desplazar e ir al estado 119
    bis_multiplicacion  desplazar e ir al estado 120
    bis_div             desplazar e ir al estado 121
    bis_mod             desplazar e ir al estado 122
    bis_div_real        desplazar e ir al estado 123
    bis_o               desplazar e ir al estado 124
    bis_y               desplazar e ir al estado 125
    bis_oprel           desplazar e ir al estado 126


Estado 193

   72 alternativa: bis_si expresion bis_alternativa instrucciones lista_opciones bis_fsi .

    $default  reduce usando la regla 72 (alternativa)


Estado 194

   43 expresion: expresion . bis_suma expresion
   44          | expresion . bis_resta expresion
   45          | expresion . bis_multiplicacion expresion
   46          | expresion . bis_div_real expresion
   47          | expresion . bis_mod expresion
   48          | expresion . bis_div expresion
   55          | expresion . bis_y expresion
   56          | expresion . bis_o expresion
   60          | expresion . bis_oprel expresion
   75 it_cota_fija: bis_para bis_id bis_asignacion expresion bis_hasta expresion . bis_hacer instrucciones bis_fpara

    bis_suma            desplazar e ir al estado 118
    bis_resta           desplazar e ir al estado 119
    bis_multiplicacion  desplazar e ir al estado 120
    bis_div             desplazar e ir al estado 121
    bis_mod             desplazar e ir al estado 122
    bis_div_real        desplazar e ir al estado 123
    bis_o               desplazar e ir al estado 124
    bis_y               desplazar e ir al estado 125
    bis_oprel           desplazar e ir al estado 126
    bis_hacer           desplazar e ir al estado 202


Estado 195

   82 f_cabecera: bis_id bis_parentesisAbrir lista_d_var bis_parentesisCerrar bis_dev d_tipo . bis_puntoComa

    bis_puntoComa  desplazar e ir al estado 203


Estado 196

   85 d_p_form: bis_ent lista_id bis_dosPuntos d_tipo .

    $default  reduce usando la regla 85 (d_p_form)


Estado 197

   86 d_p_form: bis_sal lista_id bis_dosPuntos d_tipo .

    $default  reduce usando la regla 86 (d_p_form)


Estado 198

   87 d_p_form: bis_entradaSalida lista_id bis_dosPuntos d_tipo .

    $default  reduce usando la regla 87 (d_p_form)


Estado 199

   29 lista_campos: bis_id bis_dosPuntos d_tipo bis_puntoComa lista_campos .

    $default  reduce usando la regla 29 (lista_campos)


Estado 200

   22 d_tipo: bis_tabla bis_corcheteAbrir expresion_t bis_subrango expresion_t bis_corcheteCerrar . bis_de d_tipo

    bis_de  desplazar e ir al estado 204


Estado 201

   73 lista_opciones: bis_sino expresion bis_alternativa . instrucciones lista_opciones

    bis_id         desplazar e ir al estado 39
    bis_si         desplazar e ir al estado 40
    bis_para       desplazar e ir al estado 41
    bis_mientras   desplazar e ir al estado 42
    bis_continuar  desplazar e ir al estado 43

    operando       ir al estado 44
    instrucciones  ir al estado 205
    instruccion    ir al estado 46
    asignacion     ir al estado 47
    alternativa    ir al estado 48
    it_cota_fija   ir al estado 49
    it_cota_exp    ir al estado 50
    iteracion      ir al estado 51


Estado 202

   75 it_cota_fija: bis_para bis_id bis_asignacion expresion bis_hasta expresion bis_hacer . instrucciones bis_fpara

    bis_id         desplazar e ir al estado 39
    bis_si         desplazar e ir al estado 40
    bis_para       desplazar e ir al estado 41
    bis_mientras   desplazar e ir al estado 42
    bis_continuar  desplazar e ir al estado 43

    operando       ir al estado 44
    instrucciones  ir al estado 206
    instruccion    ir al estado 46
    asignacion     ir al estado 47
    alternativa    ir al estado 48
    it_cota_fija   ir al estado 49
    it_cota_exp    ir al estado 50
    iteracion      ir al estado 51


Estado 203

   82 f_cabecera: bis_id bis_parentesisAbrir lista_d_var bis_parentesisCerrar bis_dev d_tipo bis_puntoComa .

    $default  reduce usando la regla 82 (f_cabecera)


Estado 204

   22 d_tipo: bis_tabla bis_corcheteAbrir expresion_t bis_subrango expresion_t bis_corcheteCerrar bis_de . d_tipo

    bis_tipo_base         desplazar e ir al estado 66
    bis_verdadero         desplazar e ir al estado 67
    bis_falso             desplazar e ir al estado 68
    bis_suma              desplazar e ir al estado 69
    bis_resta             desplazar e ir al estado 70
    bis_no                desplazar e ir al estado 71
    bis_id                desplazar e ir al estado 72
    bis_literal_entero    desplazar e ir al estado 73
    bis_literal_real      desplazar e ir al estado 74
    bis_literal_caracter  desplazar e ir al estado 75
    bis_tupla             desplazar e ir al estado 76
    bis_tabla             desplazar e ir al estado 77
    bis_parentesisAbrir   desplazar e ir al estado 78
    bis_ref               desplazar e ir al estado 79

    d_tipo       ir al estado 207
    expresion_t  ir al estado 81
    expresion    ir al estado 82
    operando     ir al estado 83


Estado 205

   73 lista_opciones: bis_sino expresion bis_alternativa instrucciones . lista_opciones

    bis_sino  desplazar e ir al estado 179

    $default  reduce usando la regla 74 (lista_opciones)

    lista_opciones  ir al estado 208


Estado 206

   75 it_cota_fija: bis_para bis_id bis_asignacion expresion bis_hasta expresion bis_hacer instrucciones . bis_fpara

    bis_fpara  desplazar e ir al estado 209


Estado 207

   22 d_tipo: bis_tabla bis_corcheteAbrir expresion_t bis_subrango expresion_t bis_corcheteCerrar bis_de d_tipo .

    $default  reduce usando la regla 22 (d_tipo)


Estado 208

   73 lista_opciones: bis_sino expresion bis_alternativa instrucciones lista_opciones .

    $default  reduce usando la regla 73 (lista_opciones)


Estado 209

   75 it_cota_fija: bis_para bis_id bis_asignacion expresion bis_hasta expresion bis_hacer instrucciones bis_fpara .

    $default  reduce usando la regla 75 (it_cota_fija)
